Determining if the pthread_create exist failed with the following output:
Change Dir: /home/miguelprieto/eurobot/firmware/2017/RaspberryPi/xbee-tools/CMakeFiles/CMakeTmp

Run Build Command:/usr/bin/make "cmTryCompileExec403785730/fast"
/usr/bin/make -f CMakeFiles/cmTryCompileExec403785730.dir/build.make CMakeFiles/cmTryCompileExec403785730.dir/build
make[1]: se ingresa al directorio «/home/miguelprieto/eurobot/firmware/2017/RaspberryPi/xbee-tools/CMakeFiles/CMakeTmp»
/usr/bin/cmake -E cmake_progress_report /home/miguelprieto/eurobot/firmware/2017/RaspberryPi/xbee-tools/CMakeFiles/CMakeTmp/CMakeFiles 1
Building C object CMakeFiles/cmTryCompileExec403785730.dir/CheckSymbolExists.c.o
/usr/bin/cc    -o CMakeFiles/cmTryCompileExec403785730.dir/CheckSymbolExists.c.o   -c /home/miguelprieto/eurobot/firmware/2017/RaspberryPi/xbee-tools/CMakeFiles/CMakeTmp/CheckSymbolExists.c
Linking C executable cmTryCompileExec403785730
/usr/bin/cmake -E cmake_link_script CMakeFiles/cmTryCompileExec403785730.dir/link.txt --verbose=1
/usr/bin/cc       CMakeFiles/cmTryCompileExec403785730.dir/CheckSymbolExists.c.o  -o cmTryCompileExec403785730 -rdynamic 
CMakeFiles/cmTryCompileExec403785730.dir/CheckSymbolExists.c.o: En la función `main':
CheckSymbolExists.c:(.text+0x16): referencia a `pthread_create' sin definir
collect2: error: ld returned 1 exit status
make[1]: *** [cmTryCompileExec403785730] Error 1
make[1]: se sale del directorio «/home/miguelprieto/eurobot/firmware/2017/RaspberryPi/xbee-tools/CMakeFiles/CMakeTmp»
make: *** [cmTryCompileExec403785730/fast] Error 2

File /home/miguelprieto/eurobot/firmware/2017/RaspberryPi/xbee-tools/CMakeFiles/CMakeTmp/CheckSymbolExists.c:
/* */
#include <pthread.h>

int main(int argc, char** argv)
{
  (void)argv;
#ifndef pthread_create
  return ((int*)(&pthread_create))[argc];
#else
  (void)argc;
  return 0;
#endif
}

Determining if the function pthread_create exists in the pthreads failed with the following output:
Change Dir: /home/miguelprieto/eurobot/firmware/2017/RaspberryPi/xbee-tools/CMakeFiles/CMakeTmp

Run Build Command:/usr/bin/make "cmTryCompileExec2080250786/fast"
/usr/bin/make -f CMakeFiles/cmTryCompileExec2080250786.dir/build.make CMakeFiles/cmTryCompileExec2080250786.dir/build
make[1]: se ingresa al directorio «/home/miguelprieto/eurobot/firmware/2017/RaspberryPi/xbee-tools/CMakeFiles/CMakeTmp»
/usr/bin/cmake -E cmake_progress_report /home/miguelprieto/eurobot/firmware/2017/RaspberryPi/xbee-tools/CMakeFiles/CMakeTmp/CMakeFiles 1
Building C object CMakeFiles/cmTryCompileExec2080250786.dir/CheckFunctionExists.c.o
/usr/bin/cc   -DCHECK_FUNCTION_EXISTS=pthread_create   -o CMakeFiles/cmTryCompileExec2080250786.dir/CheckFunctionExists.c.o   -c /usr/share/cmake-2.8/Modules/CheckFunctionExists.c
Linking C executable cmTryCompileExec2080250786
/usr/bin/cmake -E cmake_link_script CMakeFiles/cmTryCompileExec2080250786.dir/link.txt --verbose=1
/usr/bin/cc   -DCHECK_FUNCTION_EXISTS=pthread_create    CMakeFiles/cmTryCompileExec2080250786.dir/CheckFunctionExists.c.o  -o cmTryCompileExec2080250786 -rdynamic -lpthreads 
/usr/bin/ld: no se puede encontrar -lpthreads
collect2: error: ld returned 1 exit status
make[1]: *** [cmTryCompileExec2080250786] Error 1
make[1]: se sale del directorio «/home/miguelprieto/eurobot/firmware/2017/RaspberryPi/xbee-tools/CMakeFiles/CMakeTmp»
make: *** [cmTryCompileExec2080250786/fast] Error 2


